START report: Tue Oct 30 17:28:38 2018 
** Warning: (eldo - 255)  In file "./ECE4500/Lab8/one_bit_temp_reg/one_bit_temp_reg/eldonet/one_bit_temp_reg_eldonet.spi" line 20:
+   OBJECT "M8":  Size not consistent with LMIN/LMAX/WMIN/WMAX/TEMPMIN/TEMPMAX specification.
+    l (2.000000e+00u) is greater than lmax (1.500000e+00u)
** Warning: (eldo - 255)  In file "./ECE4500/Lab8/one_bit_temp_reg/one_bit_temp_reg/eldonet/one_bit_temp_reg_eldonet.spi" line 21:
+   OBJECT "M7":  Size not consistent with LMIN/LMAX/WMIN/WMAX/TEMPMIN/TEMPMAX specification.
+    l (2.000000e+00u) is greater than lmax (1.500000e+00u)
** Warning: (eldo - 255)  In file "./ECE4500/Lab8/one_bit_temp_reg/one_bit_temp_reg/eldonet/one_bit_temp_reg_eldonet.spi" line 22:
+   OBJECT "M6":  Size not consistent with LMIN/LMAX/WMIN/WMAX/TEMPMIN/TEMPMAX specification.
+    l (2.000000e+00u) is greater than lmax (1.500000e+00u)
** Warning: (eldo - 255)  In file "./ECE4500/Lab8/one_bit_temp_reg/one_bit_temp_reg/eldonet/one_bit_temp_reg_eldonet.spi" line 23:
+   OBJECT "M5":  Size not consistent with LMIN/LMAX/WMIN/WMAX/TEMPMIN/TEMPMAX specification.
+    l (2.000000e+00u) is greater than lmax (1.500000e+00u)
** Warning: (eldo - 255)  In file "./ECE4500/Lab8/one_bit_temp_reg/one_bit_temp_reg/eldonet/one_bit_temp_reg_eldonet.spi" line 24:
+   OBJECT "M4":  Size not consistent with LMIN/LMAX/WMIN/WMAX/TEMPMIN/TEMPMAX specification.
+    l (2.000000e+00u) is greater than lmax (1.500000e+00u)
** Warning: (eldo - 255)  In file "./ECE4500/Lab8/one_bit_temp_reg/one_bit_temp_reg/eldonet/one_bit_temp_reg_eldonet.spi" line 26:
+   OBJECT "M1":  Size not consistent with LMIN/LMAX/WMIN/WMAX/TEMPMIN/TEMPMAX specification.
+    l (2.000000e+00u) is greater than lmax (1.500000e+00u)
** Warning: (eldo - 1615)  In file "./ECE4500/Lab8/one_bit_temp_reg/one_bit_temp_reg/eldonet/one_bit_temp_reg_eldonet.cir" line 12:
+   COMMAND ".TRAN": Tstep can not be <= 0.0.
+   It is set to Tmax/20.0 = 2.000e-08 s.
