START report: Tue Oct 23 20:34:46 2018 
** Warning: (eldo - 255)  In file "./ECE4500/Lab7/three_bit_synchronous_counter/eldonet/three_bit_synchronous_counter_eldonet.spi" line 58:
+   OBJECT "X_T_FLIP_FLOP3.X_ASYNCHRONOUS_SR_LATCH1.M7":  Size not consistent with LMIN/LMAX/WMIN/WMAX/TEMPMIN/TEMPMAX specification.
+    l (2.000000e+00u) is greater than lmax (1.500000e+00u)
** Warning: (eldo - 255)  In file "./ECE4500/Lab7/three_bit_synchronous_counter/eldonet/three_bit_synchronous_counter_eldonet.spi" line 59:
+   OBJECT "X_T_FLIP_FLOP3.X_ASYNCHRONOUS_SR_LATCH1.M1":  Size not consistent with LMIN/LMAX/WMIN/WMAX/TEMPMIN/TEMPMAX specification.
+    l (2.000000e+00u) is greater than lmax (1.500000e+00u)
** Warning: (eldo - 255)  In file "./ECE4500/Lab7/three_bit_synchronous_counter/eldonet/three_bit_synchronous_counter_eldonet.spi" line 60:
+   OBJECT "X_T_FLIP_FLOP3.X_ASYNCHRONOUS_SR_LATCH1.M8":  Size not consistent with LMIN/LMAX/WMIN/WMAX/TEMPMIN/TEMPMAX specification.
+    l (2.000000e+00u) is greater than lmax (1.500000e+00u)
** Warning: (eldo - 255)  In file "./ECE4500/Lab7/three_bit_synchronous_counter/eldonet/three_bit_synchronous_counter_eldonet.spi" line 61:
+   OBJECT "X_T_FLIP_FLOP3.X_ASYNCHRONOUS_SR_LATCH1.M5":  Size not consistent with LMIN/LMAX/WMIN/WMAX/TEMPMIN/TEMPMAX specification.
+    l (2.000000e+00u) is greater than lmax (1.500000e+00u)
** Warning: (eldo - 255)  In file "./ECE4500/Lab7/three_bit_synchronous_counter/eldonet/three_bit_synchronous_counter_eldonet.spi" line 62:
+   OBJECT "X_T_FLIP_FLOP3.X_ASYNCHRONOUS_SR_LATCH1.M4":  Size not consistent with LMIN/LMAX/WMIN/WMAX/TEMPMIN/TEMPMAX specification.
+    l (2.000000e+00u) is greater than lmax (1.500000e+00u)
** Warning: (eldo - 255)  In file "./ECE4500/Lab7/three_bit_synchronous_counter/eldonet/three_bit_synchronous_counter_eldonet.spi" line 58:
+   OBJECT "X_T_FLIP_FLOP2.X_ASYNCHRONOUS_SR_LATCH1.M7":  Size not consistent with LMIN/LMAX/WMIN/WMAX/TEMPMIN/TEMPMAX specification.
+    l (2.000000e+00u) is greater than lmax (1.500000e+00u)
** Warning: (eldo - 255)  In file "./ECE4500/Lab7/three_bit_synchronous_counter/eldonet/three_bit_synchronous_counter_eldonet.spi" line 59:
+   OBJECT "X_T_FLIP_FLOP2.X_ASYNCHRONOUS_SR_LATCH1.M1":  Size not consistent with LMIN/LMAX/WMIN/WMAX/TEMPMIN/TEMPMAX specification.
+    l (2.000000e+00u) is greater than lmax (1.500000e+00u)
** Warning: (eldo - 255)  In file "./ECE4500/Lab7/three_bit_synchronous_counter/eldonet/three_bit_synchronous_counter_eldonet.spi" line 60:
+   OBJECT "X_T_FLIP_FLOP2.X_ASYNCHRONOUS_SR_LATCH1.M8":  Size not consistent with LMIN/LMAX/WMIN/WMAX/TEMPMIN/TEMPMAX specification.
+    l (2.000000e+00u) is greater than lmax (1.500000e+00u)
** Warning: (eldo - 255)  In file "./ECE4500/Lab7/three_bit_synchronous_counter/eldonet/three_bit_synchronous_counter_eldonet.spi" line 61:
+   OBJECT "X_T_FLIP_FLOP2.X_ASYNCHRONOUS_SR_LATCH1.M5":  Size not consistent with LMIN/LMAX/WMIN/WMAX/TEMPMIN/TEMPMAX specification.
+    l (2.000000e+00u) is greater than lmax (1.500000e+00u)
** Warning: (eldo - 255)  In file "./ECE4500/Lab7/three_bit_synchronous_counter/eldonet/three_bit_synchronous_counter_eldonet.spi" line 62:
+   OBJECT "X_T_FLIP_FLOP2.X_ASYNCHRONOUS_SR_LATCH1.M4":  Size not consistent with LMIN/LMAX/WMIN/WMAX/TEMPMIN/TEMPMAX specification.
+    l (2.000000e+00u) is greater than lmax (1.500000e+00u)
** Warning: (eldo - 255)  In file "./ECE4500/Lab7/three_bit_synchronous_counter/eldonet/three_bit_synchronous_counter_eldonet.spi" line 58:
+   OBJECT "X_T_FLIP_FLOP1.X_ASYNCHRONOUS_SR_LATCH1.M7":  Size not consistent with LMIN/LMAX/WMIN/WMAX/TEMPMIN/TEMPMAX specification.
+    l (2.000000e+00u) is greater than lmax (1.500000e+00u)
** Warning: (eldo - 255)  In file "./ECE4500/Lab7/three_bit_synchronous_counter/eldonet/three_bit_synchronous_counter_eldonet.spi" line 59:
+   OBJECT "X_T_FLIP_FLOP1.X_ASYNCHRONOUS_SR_LATCH1.M1":  Size not consistent with LMIN/LMAX/WMIN/WMAX/TEMPMIN/TEMPMAX specification.
+    l (2.000000e+00u) is greater than lmax (1.500000e+00u)
** Warning: (eldo - 255)  In file "./ECE4500/Lab7/three_bit_synchronous_counter/eldonet/three_bit_synchronous_counter_eldonet.spi" line 60:
+   OBJECT "X_T_FLIP_FLOP1.X_ASYNCHRONOUS_SR_LATCH1.M8":  Size not consistent with LMIN/LMAX/WMIN/WMAX/TEMPMIN/TEMPMAX specification.
+    l (2.000000e+00u) is greater than lmax (1.500000e+00u)
** Warning: (eldo - 255)  In file "./ECE4500/Lab7/three_bit_synchronous_counter/eldonet/three_bit_synchronous_counter_eldonet.spi" line 61:
+   OBJECT "X_T_FLIP_FLOP1.X_ASYNCHRONOUS_SR_LATCH1.M5":  Size not consistent with LMIN/LMAX/WMIN/WMAX/TEMPMIN/TEMPMAX specification.
+    l (2.000000e+00u) is greater than lmax (1.500000e+00u)
** Warning: (eldo - 255)  In file "./ECE4500/Lab7/three_bit_synchronous_counter/eldonet/three_bit_synchronous_counter_eldonet.spi" line 62:
+   OBJECT "X_T_FLIP_FLOP1.X_ASYNCHRONOUS_SR_LATCH1.M4":  Size not consistent with LMIN/LMAX/WMIN/WMAX/TEMPMIN/TEMPMAX specification.
+    l (2.000000e+00u) is greater than lmax (1.500000e+00u)
** Warning: (eldo - 1615)  In file "./ECE4500/Lab7/three_bit_synchronous_counter/eldonet/three_bit_synchronous_counter_eldonet.cir" line 12:
+   COMMAND ".TRAN": Tstep can not be <= 0.0.
+   It is set to Tmax/20.0 = 1.400e-07 s.
